c:\users\d3vil401\documents\visual studio 2017\projects\isextractor\isextractor\release\vc141.pdb
c:\users\d3vil401\documents\visual studio 2017\projects\isextractor\isextractor\release\main.obj
c:\users\d3vil401\documents\visual studio 2017\projects\isextractor\isextractor\release\colorsex.obj
c:\users\d3vil401\documents\visual studio 2017\projects\isextractor\isextractor\release\colors.obj
c:\users\d3vil401\documents\visual studio 2017\projects\isextractor\release\isextractor.ipdb
c:\users\d3vil401\documents\visual studio 2017\projects\isextractor\release\isextractor.iobj
c:\users\d3vil401\documents\visual studio 2017\projects\isextractor\release\isextractor.exe
c:\users\d3vil401\documents\visual studio 2017\projects\isextractor\release\isextractor.pdb
c:\users\d3vil401\documents\visual studio 2017\projects\isextractor\isextractor\release\isextractor.res
c:\users\d3vil401\documents\visual studio 2017\projects\isextractor\isextractor\release\isextractor.vcxprojresolveassemblyreference.cache
c:\users\d3vil401\documents\visual studio 2017\projects\isextractor\isextractor\release\isextractor.tlog\cl.command.1.tlog
c:\users\d3vil401\documents\visual studio 2017\projects\isextractor\isextractor\release\isextractor.tlog\cl.read.1.tlog
c:\users\d3vil401\documents\visual studio 2017\projects\isextractor\isextractor\release\isextractor.tlog\cl.write.1.tlog
c:\users\d3vil401\documents\visual studio 2017\projects\isextractor\isextractor\release\isextractor.tlog\isextractor.write.1u.tlog
c:\users\d3vil401\documents\visual studio 2017\projects\isextractor\isextractor\release\isextractor.tlog\link.command.1.tlog
c:\users\d3vil401\documents\visual studio 2017\projects\isextractor\isextractor\release\isextractor.tlog\link.read.1.tlog
c:\users\d3vil401\documents\visual studio 2017\projects\isextractor\isextractor\release\isextractor.tlog\link.write.1.tlog
c:\users\d3vil401\documents\visual studio 2017\projects\isextractor\isextractor\release\isextractor.tlog\metagen.write.1.tlog
c:\users\d3vil401\documents\visual studio 2017\projects\isextractor\isextractor\release\isextractor.tlog\rc.command.1.tlog
c:\users\d3vil401\documents\visual studio 2017\projects\isextractor\isextractor\release\isextractor.tlog\rc.read.1.tlog
c:\users\d3vil401\documents\visual studio 2017\projects\isextractor\isextractor\release\isextractor.tlog\rc.write.1.tlog
